# JRE version: OpenJDK Runtime Environment Corretto-17.0.4.9.1 (17.0.4.1+9) (build 17.0.4.1+9-LTS)
# Java VM: OpenJDK 64-Bit Server VM Corretto-17.0.4.9.1 (17.0.4.1+9-LTS, mixed mode, sharing, tiered, compressed oops, compressed class ptrs, g1 gc, windows-amd64)
GC Precious Log:
 CPUs: 8 total, 8 available
 Memory: 12186M
 Large Page Support: Disabled
 NUMA Support: Disabled
 Compressed Oops: Enabled (32-bit)
 Heap Region Size: 1M
 Heap Min Capacity: 256M
 Heap Initial Capacity: 256M
 Heap Max Capacity: 512M
 Pre-touch: Disabled
 Parallel Workers: 8
 Concurrent Workers: 2
 Concurrent Refinement Workers: 8
 Periodic GC: Disabled
Heap:
 garbage-first heap   total 262144K, used 58592K [0x00000000e0000000, 0x0000000100000000)
  region size 1024K, 38 young (38912K), 19 survivors (19456K)
 Metaspace       used 47816K, committed 48448K, reserved 262144K
  class space    used 6855K, committed 7168K, reserved 212992K
GC Heap History (10 events):
Event: 0.578 GC heap before
{Heap before GC invocations=0 (full 0):
 garbage-first heap   total 262144K, used 28672K [0x00000000e0000000, 0x0000000100000000)
  region size 1024K, 23 young (23552K), 0 survivors (0K)
 Metaspace       used 2446K, committed 2624K, reserved 221184K
  class space    used 289K, committed 384K, reserved 212992K
}
Event: 0.581 GC heap after
{Heap after GC invocations=1 (full 0):
 garbage-first heap   total 262144K, used 9642K [0x00000000e0000000, 0x0000000100000000)
  region size 1024K, 3 young (3072K), 3 survivors (3072K)
 Metaspace       used 2446K, committed 2624K, reserved 221184K
  class space    used 289K, committed 384K, reserved 212992K
}
Event: 1.035 GC heap before
{Heap before GC invocations=1 (full 0):
 garbage-first heap   total 262144K, used 39338K [0x00000000e0000000, 0x0000000100000000)
  region size 1024K, 32 young (32768K), 3 survivors (3072K)
 Metaspace       used 3945K, committed 4096K, reserved 221184K
  class space    used 489K, committed 576K, reserved 212992K
}
Event: 1.038 GC heap after
{Heap after GC invocations=2 (full 0):
 garbage-first heap   total 262144K, used 9933K [0x00000000e0000000, 0x0000000100000000)
  region size 1024K, 1 young (1024K), 1 survivors (1024K)
 Metaspace       used 3945K, committed 4096K, reserved 221184K
  class space    used 489K, committed 576K, reserved 212992K
}
Event: 3.362 GC heap before
{Heap before GC invocations=2 (full 0):
 garbage-first heap   total 262144K, used 131789K [0x00000000e0000000, 0x0000000100000000)
  region size 1024K, 121 young (123904K), 1 survivors (1024K)
 Metaspace       used 21259K, committed 21504K, reserved 237568K
  class space    used 3191K, committed 3328K, reserved 212992K
}
Event: 3.371 GC heap after
{Heap after GC invocations=3 (full 0):
 garbage-first heap   total 262144K, used 20977K [0x00000000e0000000, 0x0000000100000000)
  region size 1024K, 12 young (12288K), 12 survivors (12288K)
 Metaspace       used 21259K, committed 21504K, reserved 237568K
  class space    used 3191K, committed 3328K, reserved 212992K
}
Event: 5.052 GC heap before
{Heap before GC invocations=4 (full 0):
 garbage-first heap   total 262144K, used 129521K [0x00000000e0000000, 0x0000000100000000)
  region size 1024K, 116 young (118784K), 12 survivors (12288K)
 Metaspace       used 35765K, committed 36096K, reserved 245760K
  class space    used 4963K, committed 5120K, reserved 212992K
}
Event: 5.065 GC heap after
{Heap after GC invocations=5 (full 0):
 garbage-first heap   total 262144K, used 30414K [0x00000000e0000000, 0x0000000100000000)
  region size 1024K, 10 young (10240K), 10 survivors (10240K)
 Metaspace       used 35765K, committed 36096K, reserved 245760K
  class space    used 4963K, committed 5120K, reserved 212992K
}
Event: 1007.391 GC heap before
{Heap before GC invocations=6 (full 0):
 garbage-first heap   total 262144K, used 176846K [0x00000000e0000000, 0x0000000100000000)
  region size 1024K, 153 young (156672K), 10 survivors (10240K)
 Metaspace       used 47561K, committed 48128K, reserved 262144K
  class space    used 6834K, committed 7104K, reserved 212992K
}
Event: 1007.408 GC heap after
{Heap after GC invocations=7 (full 0):
 garbage-first heap   total 262144K, used 40160K [0x00000000e0000000, 0x0000000100000000)
  region size 1024K, 19 young (19456K), 19 survivors (19456K)
 Metaspace       used 47561K, committed 48128K, reserved 262144K
  class space    used 6834K, committed 7104K, reserved 212992K
}

