# JRE version: OpenJDK Runtime Environment Corretto-17.0.4.9.1 (17.0.4.1+9) (build 17.0.4.1+9-LTS)
# Java VM: OpenJDK 64-Bit Server VM Corretto-17.0.4.9.1 (17.0.4.1+9-LTS, mixed mode, sharing, tiered, compressed oops, compressed class ptrs, g1 gc, windows-amd64)
GC Precious Log:
 CPUs: 8 total, 8 available
 Memory: 12186M
 Large Page Support: Disabled
 NUMA Support: Disabled
 Compressed Oops: Enabled (32-bit)
 Heap Region Size: 1M
 Heap Min Capacity: 256M
 Heap Initial Capacity: 256M
 Heap Max Capacity: 512M
 Pre-touch: Disabled
 Parallel Workers: 8
 Concurrent Workers: 2
 Concurrent Refinement Workers: 8
 Periodic GC: Disabled
Heap:
 garbage-first heap   total 262144K, used 44679K [0x00000000e0000000, 0x0000000100000000)
  region size 1024K, 25 young (25600K), 20 survivors (20480K)
 Metaspace       used 49127K, committed 49792K, reserved 262144K
  class space    used 7122K, committed 7424K, reserved 212992K
GC Heap History (10 events):
Event: 0.714 GC heap before
{Heap before GC invocations=0 (full 0):
 garbage-first heap   total 262144K, used 28672K [0x00000000e0000000, 0x0000000100000000)
  region size 1024K, 23 young (23552K), 0 survivors (0K)
 Metaspace       used 2457K, committed 2624K, reserved 221184K
  class space    used 289K, committed 384K, reserved 212992K
}
Event: 0.718 GC heap after
{Heap after GC invocations=1 (full 0):
 garbage-first heap   total 262144K, used 9188K [0x00000000e0000000, 0x0000000100000000)
  region size 1024K, 3 young (3072K), 3 survivors (3072K)
 Metaspace       used 2457K, committed 2624K, reserved 221184K
  class space    used 289K, committed 384K, reserved 212992K
}
Event: 1.159 GC heap before
{Heap before GC invocations=1 (full 0):
 garbage-first heap   total 262144K, used 38884K [0x00000000e0000000, 0x0000000100000000)
  region size 1024K, 32 young (32768K), 3 survivors (3072K)
 Metaspace       used 3954K, committed 4160K, reserved 221184K
  class space    used 489K, committed 576K, reserved 212992K
}
Event: 1.162 GC heap after
{Heap after GC invocations=2 (full 0):
 garbage-first heap   total 262144K, used 10024K [0x00000000e0000000, 0x0000000100000000)
  region size 1024K, 1 young (1024K), 1 survivors (1024K)
 Metaspace       used 3954K, committed 4160K, reserved 221184K
  class space    used 489K, committed 576K, reserved 212992K
}
Event: 3.560 GC heap before
{Heap before GC invocations=2 (full 0):
 garbage-first heap   total 262144K, used 131880K [0x00000000e0000000, 0x0000000100000000)
  region size 1024K, 121 young (123904K), 1 survivors (1024K)
 Metaspace       used 21213K, committed 21504K, reserved 237568K
  class space    used 3184K, committed 3328K, reserved 212992K
}
Event: 3.569 GC heap after
{Heap after GC invocations=3 (full 0):
 garbage-first heap   total 262144K, used 20991K [0x00000000e0000000, 0x0000000100000000)
  region size 1024K, 12 young (12288K), 12 survivors (12288K)
 Metaspace       used 21213K, committed 21504K, reserved 237568K
  class space    used 3184K, committed 3328K, reserved 212992K
}
Event: 5.236 GC heap before
{Heap before GC invocations=4 (full 0):
 garbage-first heap   total 262144K, used 127487K [0x00000000e0000000, 0x0000000100000000)
  region size 1024K, 114 young (116736K), 12 survivors (12288K)
 Metaspace       used 35586K, committed 35968K, reserved 245760K
  class space    used 4919K, committed 5120K, reserved 212992K
}
Event: 5.249 GC heap after
{Heap after GC invocations=5 (full 0):
 garbage-first heap   total 262144K, used 30211K [0x00000000e0000000, 0x0000000100000000)
  region size 1024K, 10 young (10240K), 10 survivors (10240K)
 Metaspace       used 35586K, committed 35968K, reserved 245760K
  class space    used 4919K, committed 5120K, reserved 212992K
}
Event: 9.502 GC heap before
{Heap before GC invocations=6 (full 0):
 garbage-first heap   total 262144K, used 176643K [0x00000000e0000000, 0x0000000100000000)
  region size 1024K, 153 young (156672K), 10 survivors (10240K)
 Metaspace       used 48965K, committed 49664K, reserved 262144K
  class space    used 7097K, committed 7424K, reserved 212992K
}
Event: 9.517 GC heap after
{Heap after GC invocations=7 (full 0):
 garbage-first heap   total 262144K, used 40583K [0x00000000e0000000, 0x0000000100000000)
  region size 1024K, 20 young (20480K), 20 survivors (20480K)
 Metaspace       used 48965K, committed 49664K, reserved 262144K
  class space    used 7097K, committed 7424K, reserved 212992K
}

